
=== Thu Apr  7 10:00:08 2022

Packages were changed.
Update Mode: updateDependencies

The following packages were added:
  com.unity.2d.sprite@1.0.0
  com.unity.2d.tilemap@1.0.0
  com.unity.ads@3.7.5
  com.unity.analytics@3.6.12
  com.unity.purchasing@4.1.3
  com.unity.xr.legacyinputhelpers@2.1.8

=== Thu Oct 27 22:44:37 2022

Packages were changed.
Update Mode: updateDependencies

The following packages were updated:
  com.unity.collab-proxy from version 1.15.12 to 1.15.18
  com.unity.ide.rider from version 3.0.12 to 3.0.14
  com.unity.ide.visualstudio from version 2.0.14 to 2.0.15
  com.unity.purchasing from version 4.1.3 to 4.1.5
  com.unity.test-framework from version 1.1.29 to 1.1.31
  com.unity.visualscripting from version 1.7.6 to 1.7.8
  com.unity.xr.legacyinputhelpers from version 2.1.8 to 2.1.9
